{"/Users/ekipkalir/00_EK_Capgemini_Business/2_React_Docs/01_react-native/test-react-native-nerw/App.js": {"path":"/Users/ekipkalir/00_EK_Capgemini_Business/2_React_Docs/01_react-native/test-react-native-nerw/App.js","statementMap":{"0":{"start":{"line":7,"column":12},"end":{"line":17,"column":1}},"1":{"start":{"line":8,"column":2},"end":{"line":16,"column":4}},"2":{"start":{"line":13,"column":23},"end":{"line":13,"column":57}},"3":{"start":{"line":19,"column":21},"end":{"line":27,"column":1}},"4":{"start":{"line":30,"column":15},"end":{"line":41,"column":2}}},"fnMap":{"0":{"name":"(anonymous_0)","decl":{"start":{"line":7,"column":12},"end":{"line":7,"column":13}},"loc":{"start":{"line":7,"column":23},"end":{"line":17,"column":1}},"line":7},"1":{"name":"(anonymous_1)","decl":{"start":{"line":13,"column":17},"end":{"line":13,"column":18}},"loc":{"start":{"line":13,"column":23},"end":{"line":13,"column":57}},"line":13}},"branchMap":{},"s":{"0":1,"1":2,"2":0,"3":1,"4":1},"f":{"0":2,"1":0},"b":{},"_coverageSchema":"1a1c01bbd47fc00a2c39e90264f33305004495a9","hash":"ac57dec9ea25adeeea42f6a94ecc8aa0bc7870dc"}
,"/Users/ekipkalir/00_EK_Capgemini_Business/2_React_Docs/01_react-native/test-react-native-nerw/components/HelloWorld.js": {"path":"/Users/ekipkalir/00_EK_Capgemini_Business/2_React_Docs/01_react-native/test-react-native-nerw/components/HelloWorld.js","statementMap":{"0":{"start":{"line":4,"column":19},"end":{"line":10,"column":1}},"1":{"start":{"line":5,"column":2},"end":{"line":9,"column":4}}},"fnMap":{"0":{"name":"(anonymous_0)","decl":{"start":{"line":4,"column":19},"end":{"line":4,"column":20}},"loc":{"start":{"line":4,"column":25},"end":{"line":10,"column":1}},"line":4}},"branchMap":{},"s":{"0":2,"1":1},"f":{"0":1},"b":{},"_coverageSchema":"1a1c01bbd47fc00a2c39e90264f33305004495a9","hash":"27051191c01035051344b8ddff6e12af45e6933e"}
}
